Arguments: 
  /home/lucas/.nvm/versions/node/v17.4.0/bin/node /home/lucas/.node/corepack/yarn/1.22.15/bin/yarn.js add express yup jsonwebtoken reflect-metadata typeorim uuid pg

PATH: 
  /home/lucas/.asdf/shims:/home/lucas/.asdf/bin:/home/lucas/.nvm/versions/node/v17.4.0/bin:/usr/local/sbin:/usr/local/bin:/usr/sbin:/usr/bin:/sbin:/bin:/usr/games:/usr/local/games:/snap/bin

Yarn version: 
  1.22.15

Node version: 
  17.4.0

Platform: 
  linux x64

Trace: 
  Error: https://registry.yarnpkg.com/typeorim: Not found
      at Request.params.callback [as _callback] (/home/lucas/.node/corepack/yarn/1.22.15/lib/cli.js:66140:18)
      at Request.self.callback (/home/lucas/.node/corepack/yarn/1.22.15/lib/cli.js:140885:22)
      at Request.emit (node:events:520:28)
      at Request.<anonymous> (/home/lucas/.node/corepack/yarn/1.22.15/lib/cli.js:141857:10)
      at Request.emit (node:events:520:28)
      at IncomingMessage.<anonymous> (/home/lucas/.node/corepack/yarn/1.22.15/lib/cli.js:141779:12)
      at Object.onceWrapper (node:events:639:28)
      at IncomingMessage.emit (node:events:532:35)
      at endReadableNT (node:internal/streams/readable:1343:12)
      at processTicksAndRejections (node:internal/process/task_queues:83:21)

npm manifest: 
  {
    "name": "vainaweb",
    "version": "1.0.0",
    "main": "index.js",
    "author": "Lucas Brasil <lucasmbrasil2101@gmail.com>",
    "license": "MIT"
  }

yarn manifest: 
  No manifest

Lockfile: 
  No lockfile
